{"id":"00d85d2f-1568-42e0-8842-c5006b680779","methodType":"GET","duration":"22040","currentTime":"2021-03-27T19:48:37","kafkaStatus":true}
{"id":"11b59885-d726-4c52-8856-1ff96a272365","methodType":"GET","duration":"133903","currentTime":"2021-03-27T21:54:47","kafkaStatus":true}
{"id":"143e9aea-0cd2-4cc2-9001-48d642c19cf7","methodType":"GET","duration":"9129","currentTime":"2021-03-27T22:00:23","kafkaStatus":true}
{"id":"16dc6728-3714-4034-b7cb-6cb76b344f1e","methodType":"GET","duration":"84660","currentTime":"2021-03-27T19:43:29","kafkaStatus":true}
{"id":"1948f7a0-c3a0-4adc-8292-daeadcc8fea3","methodType":"GET","duration":"10303","currentTime":"2021-03-27T16:26:34","kafkaStatus":true}
{"id":"1971fce8-5d02-4ca6-b0b8-1ac42ef6f2d5","methodType":"POST","duration":"9565","currentTime":"2021-03-27T15:03:44","kafkaStatus":true}
{"id":"24cfb50d-9e0f-4d16-af53-905aa81538b2","methodType":"PUT","duration":"698921","currentTime":"2021-03-27T20:02:55","kafkaStatus":true}
{"id":"24f987e8-db52-4dfb-b13e-ba4c635f9b88","methodType":"DELETE","duration":"706127","currentTime":"2021-03-27T20:03:02","kafkaStatus":true}
{"id":"2d3a31a8-2f1a-484f-ad51-baacb9836dd3","methodType":"DELETE","duration":"184810","currentTime":"2021-03-28T08:28:34","kafkaStatus":true}
{"id":"35473270-3a65-48de-8aa0-b83b6b501630","methodType":"GET","duration":"2150469","currentTime":"2021-03-27T16:01:30","kafkaStatus":true}
{"id":"3c126103-fa7e-4312-b983-e50c7fb8dcc6","methodType":"GET","duration":"4513","currentTime":"2021-03-27T19:46:53","kafkaStatus":true}
{"id":"41ffe313-1308-4ae0-8455-3cdacd34a80f","methodType":"POST","duration":"670849","currentTime":"2021-03-27T15:36:50","kafkaStatus":true}
{"id":"44995cf1-1ef3-45f1-addf-a8b70cdd113e","methodType":"GET","duration":"9860","currentTime":"2021-03-27T19:51:26","kafkaStatus":true}
{"id":"466917b1-654e-491f-abc6-cea35b8c945c","methodType":"DELETE","duration":"705596","currentTime":"2021-03-27T20:03:02","kafkaStatus":true}
{"id":"4839a942-83c9-44cc-a50a-e2ba03d3ff45","methodType":"GET","duration":"530821","currentTime":"2021-03-27T22:12:43","kafkaStatus":true}
{"id":"494d1c11-6adb-4de9-bdb2-59a914b33ddc","methodType":"GET","duration":"365608","currentTime":"2021-03-27T22:09:58","kafkaStatus":true}
{"id":"4b94995f-41e7-4789-88ea-071e85411302","methodType":"GET","duration":"182866","currentTime":"2021-03-28T08:28:32","kafkaStatus":true}
{"id":"5f005986-7263-4d91-b3d1-fe97502a0b54","methodType":"PUT","duration":"147965","currentTime":"2021-03-28T08:27:57","kafkaStatus":true}
{"id":"631ba8af-ec91-4348-b38d-2a989394b8ff","methodType":"POST","duration":"707180","currentTime":"2021-03-27T20:03:03","kafkaStatus":true}
{"id":"6682e17b-eaf9-497c-8833-58d11e83c04a","methodType":"GET","duration":"5688","currentTime":"2021-03-27T19:36:52","kafkaStatus":true}
{"id":"67bb4f57-d2d6-49a3-a092-50d6afdbd758","methodType":"POST","duration":"71137","currentTime":"2021-03-28T08:26:41","kafkaStatus":true}
{"id":"766561c8-80eb-4316-8f54-3fb32ce3ab22","methodType":"GET","duration":"6057","currentTime":"2021-03-27T19:39:24","kafkaStatus":true}
{"id":"80314e89-47e6-4494-9040-933d907587e8","methodType":"POST","duration":"29526","currentTime":"2021-03-28T08:25:59","kafkaStatus":true}
{"id":"809b1c8a-e946-4b4b-805d-e41c6d26ccb1","methodType":"POST","duration":"70999","currentTime":"2021-03-28T08:26:40","kafkaStatus":true}
{"id":"83dbfddb-dd74-4743-8c31-eb3a7fd01c1e","methodType":"PUT","duration":"233373","currentTime":"2021-03-28T08:29:23","kafkaStatus":true}
{"id":"85263a21-b3ed-4ebc-bad1-a9507989a32b","methodType":"POST","duration":"32639","currentTime":"2021-03-27T15:26:12","kafkaStatus":true}
{"id":"8e9473cf-46c6-4243-844d-c2642223cfb9","methodType":"POST","duration":"17059","currentTime":"2021-03-27T22:04:09","kafkaStatus":true}
{"id":"8f230b32-dd08-4f50-a9ec-abbaefb6b508","methodType":"POST","duration":"70725","currentTime":"2021-03-28T08:26:40","kafkaStatus":true}
{"id":"92798337-f54a-4f0b-9a40-34cada62eab1","methodType":"GET","duration":"15225","currentTime":"2021-03-27T21:52:48","kafkaStatus":true}
{"id":"93c2427c-a874-46e9-9821-5716aea7267d","methodType":"GET","duration":"358321","currentTime":"2021-03-27T22:09:50","kafkaStatus":true}
{"id":"96d76454-d398-436e-8aaf-f750bd1d9b11","methodType":"DELETE","duration":"166139","currentTime":"2021-03-28T08:28:16","kafkaStatus":true}
{"id":"9c0e6cf6-ec05-4c0e-bedc-6c6df9374842","methodType":"DELETE","duration":"166581","currentTime":"2021-03-28T08:28:16","kafkaStatus":true}
{"id":"9c3d8a74-1d1a-4569-b129-8d0a51282dca","methodType":"PUT","duration":"22268","currentTime":"2021-03-28T09:21:34","kafkaStatus":true}
{"id":"a00caa86-0ef7-410c-a60b-515778b194b0","methodType":"GET","duration":"11140","currentTime":"2021-03-27T21:51:21","kafkaStatus":true}
{"id":"a2c1fe1f-a816-4a5e-8a2b-80b7bbd2c057","methodType":"DELETE","duration":"363668","currentTime":"2021-03-27T22:09:56","kafkaStatus":true}
{"id":"a303dc82-c570-4ca4-9d42-ab902525b368","methodType":"GET","duration":"24795","currentTime":"2021-03-28T08:25:54","kafkaStatus":true}
{"id":"a5abde7f-00f8-4e22-8791-c75548e9699a","methodType":"POST","duration":"30884","currentTime":"2021-03-28T08:26","kafkaStatus":true}
{"id":"a9dfa696-dc14-478e-a49e-4bdc4fa8b70e","methodType":"GET","duration":"36062","currentTime":"2021-03-27T16:33:44","kafkaStatus":true}
{"id":"ad1aa3d6-c53a-44ab-823a-b1eb97e9f24b","methodType":"GET","duration":"24794","currentTime":"2021-03-27T16:33:32","kafkaStatus":true}
{"id":"adc487a9-21f6-4f3b-abd1-0b01db13c575","methodType":"POST","duration":"70870","currentTime":"2021-03-28T08:26:40","kafkaStatus":true}
{"id":"adf4baeb-e54d-4572-a374-08c1e6ec35a1","methodType":"PUT","duration":"24311","currentTime":"2021-03-28T09:25","kafkaStatus":true}
{"id":"b221ecc7-dabf-42a1-8e32-a4d14a61c07e","methodType":"DELETE","duration":"364211","currentTime":"2021-03-27T22:09:56","kafkaStatus":true}
{"id":"bcd85211-39ed-46b2-8064-0acd6308134b","methodType":"POST","duration":"14612","currentTime":"2021-03-27T19:51:31","kafkaStatus":true}
{"id":"c28996a2-2323-417b-87d1-66bb7f6b0ccf","methodType":"GET","duration":"3631880","currentTime":"2021-03-27T16:26:11","kafkaStatus":true}
{"id":"c37be2cf-ec63-4ee2-bbfc-b0ca99526750","methodType":"PUT","duration":"232987","currentTime":"2021-03-28T08:29:22","kafkaStatus":true}
